Linked: (/root/projects/elevator_ws/devel/.private/amrl_msgs/lib/python2.7/dist-packages/elevator_pkg/__init__.py, /root/projects/elevator_ws/devel/lib/python2.7/dist-packages/elevator_pkg/__init__.py)
Linked: (/root/projects/elevator_ws/devel/.private/amrl_msgs/lib/python2.7/dist-packages/amrl_msgs/__init__.py, /root/projects/elevator_ws/devel/lib/python2.7/dist-packages/amrl_msgs/__init__.py)
Linked: (/root/projects/elevator_ws/devel/.private/amrl_msgs/lib/python2.7/dist-packages/amrl_msgs/msg/_ColoredLine2D.py, /root/projects/elevator_ws/devel/lib/python2.7/dist-packages/amrl_msgs/msg/_ColoredLine2D.py)
Linked: (/root/projects/elevator_ws/devel/.private/amrl_msgs/lib/python2.7/dist-packages/amrl_msgs/msg/_ColoredText.py, /root/projects/elevator_ws/devel/lib/python2.7/dist-packages/amrl_msgs/msg/_ColoredText.py)
Linked: (/root/projects/elevator_ws/devel/.private/amrl_msgs/lib/python2.7/dist-packages/amrl_msgs/msg/_RobofleetSubscription.py, /root/projects/elevator_ws/devel/lib/python2.7/dist-packages/amrl_msgs/msg/_RobofleetSubscription.py)
Linked: (/root/projects/elevator_ws/devel/.private/amrl_msgs/lib/python2.7/dist-packages/amrl_msgs/msg/_Point2D.py, /root/projects/elevator_ws/devel/lib/python2.7/dist-packages/amrl_msgs/msg/_Point2D.py)
Linked: (/root/projects/elevator_ws/devel/.private/amrl_msgs/lib/python2.7/dist-packages/amrl_msgs/msg/_ErrorReport.py, /root/projects/elevator_ws/devel/lib/python2.7/dist-packages/amrl_msgs/msg/_ErrorReport.py)
Linked: (/root/projects/elevator_ws/devel/.private/amrl_msgs/lib/python2.7/dist-packages/amrl_msgs/msg/_ElevatorCommand.py, /root/projects/elevator_ws/devel/lib/python2.7/dist-packages/amrl_msgs/msg/_ElevatorCommand.py)
Linked: (/root/projects/elevator_ws/devel/.private/amrl_msgs/lib/python2.7/dist-packages/amrl_msgs/msg/__init__.py, /root/projects/elevator_ws/devel/lib/python2.7/dist-packages/amrl_msgs/msg/__init__.py)
Linked: (/root/projects/elevator_ws/devel/.private/amrl_msgs/lib/python2.7/dist-packages/amrl_msgs/msg/_BBox2DArrayMsg.py, /root/projects/elevator_ws/devel/lib/python2.7/dist-packages/amrl_msgs/msg/_BBox2DArrayMsg.py)
Linked: (/root/projects/elevator_ws/devel/.private/amrl_msgs/lib/python2.7/dist-packages/amrl_msgs/msg/_VisualizationMsg.py, /root/projects/elevator_ws/devel/lib/python2.7/dist-packages/amrl_msgs/msg/_VisualizationMsg.py)
Linked: (/root/projects/elevator_ws/devel/.private/amrl_msgs/lib/python2.7/dist-packages/amrl_msgs/msg/_AckermannCurvatureDriveMsg.py, /root/projects/elevator_ws/devel/lib/python2.7/dist-packages/amrl_msgs/msg/_AckermannCurvatureDriveMsg.py)
Linked: (/root/projects/elevator_ws/devel/.private/amrl_msgs/lib/python2.7/dist-packages/amrl_msgs/msg/_ColoredPoint2D.py, /root/projects/elevator_ws/devel/lib/python2.7/dist-packages/amrl_msgs/msg/_ColoredPoint2D.py)
Linked: (/root/projects/elevator_ws/devel/.private/amrl_msgs/lib/python2.7/dist-packages/amrl_msgs/msg/_ColoredArc2D.py, /root/projects/elevator_ws/devel/lib/python2.7/dist-packages/amrl_msgs/msg/_ColoredArc2D.py)
Linked: (/root/projects/elevator_ws/devel/.private/amrl_msgs/lib/python2.7/dist-packages/amrl_msgs/msg/_BBox2DMsg.py, /root/projects/elevator_ws/devel/lib/python2.7/dist-packages/amrl_msgs/msg/_BBox2DMsg.py)
Linked: (/root/projects/elevator_ws/devel/.private/amrl_msgs/lib/python2.7/dist-packages/amrl_msgs/msg/_PathVisualization.py, /root/projects/elevator_ws/devel/lib/python2.7/dist-packages/amrl_msgs/msg/_PathVisualization.py)
Linked: (/root/projects/elevator_ws/devel/.private/amrl_msgs/lib/python2.7/dist-packages/amrl_msgs/msg/_ElevatorStatus.py, /root/projects/elevator_ws/devel/lib/python2.7/dist-packages/amrl_msgs/msg/_ElevatorStatus.py)
Linked: (/root/projects/elevator_ws/devel/.private/amrl_msgs/lib/python2.7/dist-packages/amrl_msgs/msg/_Pose2Df.py, /root/projects/elevator_ws/devel/lib/python2.7/dist-packages/amrl_msgs/msg/_Pose2Df.py)
Linked: (/root/projects/elevator_ws/devel/.private/amrl_msgs/lib/python2.7/dist-packages/amrl_msgs/msg/_Localization2DMsg.py, /root/projects/elevator_ws/devel/lib/python2.7/dist-packages/amrl_msgs/msg/_Localization2DMsg.py)
Linked: (/root/projects/elevator_ws/devel/.private/amrl_msgs/lib/python2.7/dist-packages/amrl_msgs/msg/_RobofleetStatus.py, /root/projects/elevator_ws/devel/lib/python2.7/dist-packages/amrl_msgs/msg/_RobofleetStatus.py)
Linked: (/root/projects/elevator_ws/devel/.private/amrl_msgs/lib/python2.7/dist-packages/amrl_msgs/msg/_PlanarObjDetection.py, /root/projects/elevator_ws/devel/lib/python2.7/dist-packages/amrl_msgs/msg/_PlanarObjDetection.py)
Linked: (/root/projects/elevator_ws/devel/.private/amrl_msgs/lib/pkgconfig/amrl_msgs.pc, /root/projects/elevator_ws/devel/lib/pkgconfig/amrl_msgs.pc)
Linked: (/root/projects/elevator_ws/devel/.private/amrl_msgs/include/amrl_msgs/PathVisualization.h, /root/projects/elevator_ws/devel/include/amrl_msgs/PathVisualization.h)
Linked: (/root/projects/elevator_ws/devel/.private/amrl_msgs/include/amrl_msgs/ErrorReport.h, /root/projects/elevator_ws/devel/include/amrl_msgs/ErrorReport.h)
Linked: (/root/projects/elevator_ws/devel/.private/amrl_msgs/include/amrl_msgs/ColoredText.h, /root/projects/elevator_ws/devel/include/amrl_msgs/ColoredText.h)
Linked: (/root/projects/elevator_ws/devel/.private/amrl_msgs/include/amrl_msgs/ElevatorStatus.h, /root/projects/elevator_ws/devel/include/amrl_msgs/ElevatorStatus.h)
Linked: (/root/projects/elevator_ws/devel/.private/amrl_msgs/include/amrl_msgs/ElevatorCommand.h, /root/projects/elevator_ws/devel/include/amrl_msgs/ElevatorCommand.h)
Linked: (/root/projects/elevator_ws/devel/.private/amrl_msgs/include/amrl_msgs/Localization2DMsg.h, /root/projects/elevator_ws/devel/include/amrl_msgs/Localization2DMsg.h)
Linked: (/root/projects/elevator_ws/devel/.private/amrl_msgs/include/amrl_msgs/BBox2DMsg.h, /root/projects/elevator_ws/devel/include/amrl_msgs/BBox2DMsg.h)
Linked: (/root/projects/elevator_ws/devel/.private/amrl_msgs/include/amrl_msgs/ColoredArc2D.h, /root/projects/elevator_ws/devel/include/amrl_msgs/ColoredArc2D.h)
Linked: (/root/projects/elevator_ws/devel/.private/amrl_msgs/include/amrl_msgs/BBox2DArrayMsg.h, /root/projects/elevator_ws/devel/include/amrl_msgs/BBox2DArrayMsg.h)
Linked: (/root/projects/elevator_ws/devel/.private/amrl_msgs/include/amrl_msgs/AckermannCurvatureDriveMsg.h, /root/projects/elevator_ws/devel/include/amrl_msgs/AckermannCurvatureDriveMsg.h)
Linked: (/root/projects/elevator_ws/devel/.private/amrl_msgs/include/amrl_msgs/PlanarObjDetection.h, /root/projects/elevator_ws/devel/include/amrl_msgs/PlanarObjDetection.h)
Linked: (/root/projects/elevator_ws/devel/.private/amrl_msgs/include/amrl_msgs/Pose2Df.h, /root/projects/elevator_ws/devel/include/amrl_msgs/Pose2Df.h)
Linked: (/root/projects/elevator_ws/devel/.private/amrl_msgs/include/amrl_msgs/ColoredLine2D.h, /root/projects/elevator_ws/devel/include/amrl_msgs/ColoredLine2D.h)
Linked: (/root/projects/elevator_ws/devel/.private/amrl_msgs/include/amrl_msgs/RobofleetStatus.h, /root/projects/elevator_ws/devel/include/amrl_msgs/RobofleetStatus.h)
Linked: (/root/projects/elevator_ws/devel/.private/amrl_msgs/include/amrl_msgs/RobofleetSubscription.h, /root/projects/elevator_ws/devel/include/amrl_msgs/RobofleetSubscription.h)
Linked: (/root/projects/elevator_ws/devel/.private/amrl_msgs/include/amrl_msgs/Point2D.h, /root/projects/elevator_ws/devel/include/amrl_msgs/Point2D.h)
Linked: (/root/projects/elevator_ws/devel/.private/amrl_msgs/include/amrl_msgs/ColoredPoint2D.h, /root/projects/elevator_ws/devel/include/amrl_msgs/ColoredPoint2D.h)
Linked: (/root/projects/elevator_ws/devel/.private/amrl_msgs/include/amrl_msgs/VisualizationMsg.h, /root/projects/elevator_ws/devel/include/amrl_msgs/VisualizationMsg.h)
Linked: (/root/projects/elevator_ws/devel/.private/amrl_msgs/share/common-lisp/ros/amrl_msgs/msg/_package_ElevatorStatus.lisp, /root/projects/elevator_ws/devel/share/common-lisp/ros/amrl_msgs/msg/_package_ElevatorStatus.lisp)
Linked: (/root/projects/elevator_ws/devel/.private/amrl_msgs/share/common-lisp/ros/amrl_msgs/msg/Pose2Df.lisp, /root/projects/elevator_ws/devel/share/common-lisp/ros/amrl_msgs/msg/Pose2Df.lisp)
Linked: (/root/projects/elevator_ws/devel/.private/amrl_msgs/share/common-lisp/ros/amrl_msgs/msg/ElevatorStatus.lisp, /root/projects/elevator_ws/devel/share/common-lisp/ros/amrl_msgs/msg/ElevatorStatus.lisp)
Linked: (/root/projects/elevator_ws/devel/.private/amrl_msgs/share/common-lisp/ros/amrl_msgs/msg/VisualizationMsg.lisp, /root/projects/elevator_ws/devel/share/common-lisp/ros/amrl_msgs/msg/VisualizationMsg.lisp)
Linked: (/root/projects/elevator_ws/devel/.private/amrl_msgs/share/common-lisp/ros/amrl_msgs/msg/ColoredLine2D.lisp, /root/projects/elevator_ws/devel/share/common-lisp/ros/amrl_msgs/msg/ColoredLine2D.lisp)
Linked: (/root/projects/elevator_ws/devel/.private/amrl_msgs/share/common-lisp/ros/amrl_msgs/msg/_package_PathVisualization.lisp, /root/projects/elevator_ws/devel/share/common-lisp/ros/amrl_msgs/msg/_package_PathVisualization.lisp)
Linked: (/root/projects/elevator_ws/devel/.private/amrl_msgs/share/common-lisp/ros/amrl_msgs/msg/_package_AckermannCurvatureDriveMsg.lisp, /root/projects/elevator_ws/devel/share/common-lisp/ros/amrl_msgs/msg/_package_AckermannCurvatureDriveMsg.lisp)
Linked: (/root/projects/elevator_ws/devel/.private/amrl_msgs/share/common-lisp/ros/amrl_msgs/msg/ErrorReport.lisp, /root/projects/elevator_ws/devel/share/common-lisp/ros/amrl_msgs/msg/ErrorReport.lisp)
Linked: (/root/projects/elevator_ws/devel/.private/amrl_msgs/share/common-lisp/ros/amrl_msgs/msg/_package_ColoredLine2D.lisp, /root/projects/elevator_ws/devel/share/common-lisp/ros/amrl_msgs/msg/_package_ColoredLine2D.lisp)
Linked: (/root/projects/elevator_ws/devel/.private/amrl_msgs/share/common-lisp/ros/amrl_msgs/msg/_package_ErrorReport.lisp, /root/projects/elevator_ws/devel/share/common-lisp/ros/amrl_msgs/msg/_package_ErrorReport.lisp)
Linked: (/root/projects/elevator_ws/devel/.private/amrl_msgs/share/common-lisp/ros/amrl_msgs/msg/_package_ColoredArc2D.lisp, /root/projects/elevator_ws/devel/share/common-lisp/ros/amrl_msgs/msg/_package_ColoredArc2D.lisp)
Linked: (/root/projects/elevator_ws/devel/.private/amrl_msgs/share/common-lisp/ros/amrl_msgs/msg/_package_Localization2DMsg.lisp, /root/projects/elevator_ws/devel/share/common-lisp/ros/amrl_msgs/msg/_package_Localization2DMsg.lisp)
Linked: (/root/projects/elevator_ws/devel/.private/amrl_msgs/share/common-lisp/ros/amrl_msgs/msg/_package_ColoredText.lisp, /root/projects/elevator_ws/devel/share/common-lisp/ros/amrl_msgs/msg/_package_ColoredText.lisp)
Linked: (/root/projects/elevator_ws/devel/.private/amrl_msgs/share/common-lisp/ros/amrl_msgs/msg/PathVisualization.lisp, /root/projects/elevator_ws/devel/share/common-lisp/ros/amrl_msgs/msg/PathVisualization.lisp)
Linked: (/root/projects/elevator_ws/devel/.private/amrl_msgs/share/common-lisp/ros/amrl_msgs/msg/_package_Point2D.lisp, /root/projects/elevator_ws/devel/share/common-lisp/ros/amrl_msgs/msg/_package_Point2D.lisp)
Linked: (/root/projects/elevator_ws/devel/.private/amrl_msgs/share/common-lisp/ros/amrl_msgs/msg/_package_BBox2DArrayMsg.lisp, /root/projects/elevator_ws/devel/share/common-lisp/ros/amrl_msgs/msg/_package_BBox2DArrayMsg.lisp)
Linked: (/root/projects/elevator_ws/devel/.private/amrl_msgs/share/common-lisp/ros/amrl_msgs/msg/Localization2DMsg.lisp, /root/projects/elevator_ws/devel/share/common-lisp/ros/amrl_msgs/msg/Localization2DMsg.lisp)
Linked: (/root/projects/elevator_ws/devel/.private/amrl_msgs/share/common-lisp/ros/amrl_msgs/msg/_package_RobofleetSubscription.lisp, /root/projects/elevator_ws/devel/share/common-lisp/ros/amrl_msgs/msg/_package_RobofleetSubscription.lisp)
Linked: (/root/projects/elevator_ws/devel/.private/amrl_msgs/share/common-lisp/ros/amrl_msgs/msg/_package_RobofleetStatus.lisp, /root/projects/elevator_ws/devel/share/common-lisp/ros/amrl_msgs/msg/_package_RobofleetStatus.lisp)
Linked: (/root/projects/elevator_ws/devel/.private/amrl_msgs/share/common-lisp/ros/amrl_msgs/msg/ColoredArc2D.lisp, /root/projects/elevator_ws/devel/share/common-lisp/ros/amrl_msgs/msg/ColoredArc2D.lisp)
Linked: (/root/projects/elevator_ws/devel/.private/amrl_msgs/share/common-lisp/ros/amrl_msgs/msg/_package_ElevatorCommand.lisp, /root/projects/elevator_ws/devel/share/common-lisp/ros/amrl_msgs/msg/_package_ElevatorCommand.lisp)
Linked: (/root/projects/elevator_ws/devel/.private/amrl_msgs/share/common-lisp/ros/amrl_msgs/msg/BBox2DArrayMsg.lisp, /root/projects/elevator_ws/devel/share/common-lisp/ros/amrl_msgs/msg/BBox2DArrayMsg.lisp)
Linked: (/root/projects/elevator_ws/devel/.private/amrl_msgs/share/common-lisp/ros/amrl_msgs/msg/_package_ColoredPoint2D.lisp, /root/projects/elevator_ws/devel/share/common-lisp/ros/amrl_msgs/msg/_package_ColoredPoint2D.lisp)
Linked: (/root/projects/elevator_ws/devel/.private/amrl_msgs/share/common-lisp/ros/amrl_msgs/msg/BBox2DMsg.lisp, /root/projects/elevator_ws/devel/share/common-lisp/ros/amrl_msgs/msg/BBox2DMsg.lisp)
Linked: (/root/projects/elevator_ws/devel/.private/amrl_msgs/share/common-lisp/ros/amrl_msgs/msg/_package_Pose2Df.lisp, /root/projects/elevator_ws/devel/share/common-lisp/ros/amrl_msgs/msg/_package_Pose2Df.lisp)
Linked: (/root/projects/elevator_ws/devel/.private/amrl_msgs/share/common-lisp/ros/amrl_msgs/msg/_package_VisualizationMsg.lisp, /root/projects/elevator_ws/devel/share/common-lisp/ros/amrl_msgs/msg/_package_VisualizationMsg.lisp)
Linked: (/root/projects/elevator_ws/devel/.private/amrl_msgs/share/common-lisp/ros/amrl_msgs/msg/RobofleetSubscription.lisp, /root/projects/elevator_ws/devel/share/common-lisp/ros/amrl_msgs/msg/RobofleetSubscription.lisp)
Linked: (/root/projects/elevator_ws/devel/.private/amrl_msgs/share/common-lisp/ros/amrl_msgs/msg/_package_PlanarObjDetection.lisp, /root/projects/elevator_ws/devel/share/common-lisp/ros/amrl_msgs/msg/_package_PlanarObjDetection.lisp)
Linked: (/root/projects/elevator_ws/devel/.private/amrl_msgs/share/common-lisp/ros/amrl_msgs/msg/ColoredPoint2D.lisp, /root/projects/elevator_ws/devel/share/common-lisp/ros/amrl_msgs/msg/ColoredPoint2D.lisp)
Linked: (/root/projects/elevator_ws/devel/.private/amrl_msgs/share/common-lisp/ros/amrl_msgs/msg/ColoredText.lisp, /root/projects/elevator_ws/devel/share/common-lisp/ros/amrl_msgs/msg/ColoredText.lisp)
Linked: (/root/projects/elevator_ws/devel/.private/amrl_msgs/share/common-lisp/ros/amrl_msgs/msg/ElevatorCommand.lisp, /root/projects/elevator_ws/devel/share/common-lisp/ros/amrl_msgs/msg/ElevatorCommand.lisp)
Linked: (/root/projects/elevator_ws/devel/.private/amrl_msgs/share/common-lisp/ros/amrl_msgs/msg/amrl_msgs-msg.asd, /root/projects/elevator_ws/devel/share/common-lisp/ros/amrl_msgs/msg/amrl_msgs-msg.asd)
Linked: (/root/projects/elevator_ws/devel/.private/amrl_msgs/share/common-lisp/ros/amrl_msgs/msg/AckermannCurvatureDriveMsg.lisp, /root/projects/elevator_ws/devel/share/common-lisp/ros/amrl_msgs/msg/AckermannCurvatureDriveMsg.lisp)
Linked: (/root/projects/elevator_ws/devel/.private/amrl_msgs/share/common-lisp/ros/amrl_msgs/msg/Point2D.lisp, /root/projects/elevator_ws/devel/share/common-lisp/ros/amrl_msgs/msg/Point2D.lisp)
Linked: (/root/projects/elevator_ws/devel/.private/amrl_msgs/share/common-lisp/ros/amrl_msgs/msg/_package_BBox2DMsg.lisp, /root/projects/elevator_ws/devel/share/common-lisp/ros/amrl_msgs/msg/_package_BBox2DMsg.lisp)
Linked: (/root/projects/elevator_ws/devel/.private/amrl_msgs/share/common-lisp/ros/amrl_msgs/msg/_package.lisp, /root/projects/elevator_ws/devel/share/common-lisp/ros/amrl_msgs/msg/_package.lisp)
Linked: (/root/projects/elevator_ws/devel/.private/amrl_msgs/share/common-lisp/ros/amrl_msgs/msg/PlanarObjDetection.lisp, /root/projects/elevator_ws/devel/share/common-lisp/ros/amrl_msgs/msg/PlanarObjDetection.lisp)
Linked: (/root/projects/elevator_ws/devel/.private/amrl_msgs/share/common-lisp/ros/amrl_msgs/msg/RobofleetStatus.lisp, /root/projects/elevator_ws/devel/share/common-lisp/ros/amrl_msgs/msg/RobofleetStatus.lisp)
Linked: (/root/projects/elevator_ws/devel/.private/amrl_msgs/share/gennodejs/ros/amrl_msgs/_index.js, /root/projects/elevator_ws/devel/share/gennodejs/ros/amrl_msgs/_index.js)
Linked: (/root/projects/elevator_ws/devel/.private/amrl_msgs/share/gennodejs/ros/amrl_msgs/msg/ColoredPoint2D.js, /root/projects/elevator_ws/devel/share/gennodejs/ros/amrl_msgs/msg/ColoredPoint2D.js)
Linked: (/root/projects/elevator_ws/devel/.private/amrl_msgs/share/gennodejs/ros/amrl_msgs/msg/BBox2DArrayMsg.js, /root/projects/elevator_ws/devel/share/gennodejs/ros/amrl_msgs/msg/BBox2DArrayMsg.js)
Linked: (/root/projects/elevator_ws/devel/.private/amrl_msgs/share/gennodejs/ros/amrl_msgs/msg/_index.js, /root/projects/elevator_ws/devel/share/gennodejs/ros/amrl_msgs/msg/_index.js)
Linked: (/root/projects/elevator_ws/devel/.private/amrl_msgs/share/gennodejs/ros/amrl_msgs/msg/VisualizationMsg.js, /root/projects/elevator_ws/devel/share/gennodejs/ros/amrl_msgs/msg/VisualizationMsg.js)
Linked: (/root/projects/elevator_ws/devel/.private/amrl_msgs/share/gennodejs/ros/amrl_msgs/msg/RobofleetSubscription.js, /root/projects/elevator_ws/devel/share/gennodejs/ros/amrl_msgs/msg/RobofleetSubscription.js)
Linked: (/root/projects/elevator_ws/devel/.private/amrl_msgs/share/gennodejs/ros/amrl_msgs/msg/ElevatorStatus.js, /root/projects/elevator_ws/devel/share/gennodejs/ros/amrl_msgs/msg/ElevatorStatus.js)
Linked: (/root/projects/elevator_ws/devel/.private/amrl_msgs/share/gennodejs/ros/amrl_msgs/msg/Localization2DMsg.js, /root/projects/elevator_ws/devel/share/gennodejs/ros/amrl_msgs/msg/Localization2DMsg.js)
Linked: (/root/projects/elevator_ws/devel/.private/amrl_msgs/share/gennodejs/ros/amrl_msgs/msg/RobofleetStatus.js, /root/projects/elevator_ws/devel/share/gennodejs/ros/amrl_msgs/msg/RobofleetStatus.js)
Linked: (/root/projects/elevator_ws/devel/.private/amrl_msgs/share/gennodejs/ros/amrl_msgs/msg/AckermannCurvatureDriveMsg.js, /root/projects/elevator_ws/devel/share/gennodejs/ros/amrl_msgs/msg/AckermannCurvatureDriveMsg.js)
Linked: (/root/projects/elevator_ws/devel/.private/amrl_msgs/share/gennodejs/ros/amrl_msgs/msg/ErrorReport.js, /root/projects/elevator_ws/devel/share/gennodejs/ros/amrl_msgs/msg/ErrorReport.js)
Linked: (/root/projects/elevator_ws/devel/.private/amrl_msgs/share/gennodejs/ros/amrl_msgs/msg/ColoredArc2D.js, /root/projects/elevator_ws/devel/share/gennodejs/ros/amrl_msgs/msg/ColoredArc2D.js)
Linked: (/root/projects/elevator_ws/devel/.private/amrl_msgs/share/gennodejs/ros/amrl_msgs/msg/ColoredText.js, /root/projects/elevator_ws/devel/share/gennodejs/ros/amrl_msgs/msg/ColoredText.js)
Linked: (/root/projects/elevator_ws/devel/.private/amrl_msgs/share/gennodejs/ros/amrl_msgs/msg/ColoredLine2D.js, /root/projects/elevator_ws/devel/share/gennodejs/ros/amrl_msgs/msg/ColoredLine2D.js)
Linked: (/root/projects/elevator_ws/devel/.private/amrl_msgs/share/gennodejs/ros/amrl_msgs/msg/Point2D.js, /root/projects/elevator_ws/devel/share/gennodejs/ros/amrl_msgs/msg/Point2D.js)
Linked: (/root/projects/elevator_ws/devel/.private/amrl_msgs/share/gennodejs/ros/amrl_msgs/msg/ElevatorCommand.js, /root/projects/elevator_ws/devel/share/gennodejs/ros/amrl_msgs/msg/ElevatorCommand.js)
Linked: (/root/projects/elevator_ws/devel/.private/amrl_msgs/share/gennodejs/ros/amrl_msgs/msg/PathVisualization.js, /root/projects/elevator_ws/devel/share/gennodejs/ros/amrl_msgs/msg/PathVisualization.js)
Linked: (/root/projects/elevator_ws/devel/.private/amrl_msgs/share/gennodejs/ros/amrl_msgs/msg/BBox2DMsg.js, /root/projects/elevator_ws/devel/share/gennodejs/ros/amrl_msgs/msg/BBox2DMsg.js)
Linked: (/root/projects/elevator_ws/devel/.private/amrl_msgs/share/gennodejs/ros/amrl_msgs/msg/PlanarObjDetection.js, /root/projects/elevator_ws/devel/share/gennodejs/ros/amrl_msgs/msg/PlanarObjDetection.js)
Linked: (/root/projects/elevator_ws/devel/.private/amrl_msgs/share/gennodejs/ros/amrl_msgs/msg/Pose2Df.js, /root/projects/elevator_ws/devel/share/gennodejs/ros/amrl_msgs/msg/Pose2Df.js)
Linked: (/root/projects/elevator_ws/devel/.private/amrl_msgs/share/roseus/ros/amrl_msgs/manifest.l, /root/projects/elevator_ws/devel/share/roseus/ros/amrl_msgs/manifest.l)
Linked: (/root/projects/elevator_ws/devel/.private/amrl_msgs/share/roseus/ros/amrl_msgs/msg/PlanarObjDetection.l, /root/projects/elevator_ws/devel/share/roseus/ros/amrl_msgs/msg/PlanarObjDetection.l)
Linked: (/root/projects/elevator_ws/devel/.private/amrl_msgs/share/roseus/ros/amrl_msgs/msg/ErrorReport.l, /root/projects/elevator_ws/devel/share/roseus/ros/amrl_msgs/msg/ErrorReport.l)
Linked: (/root/projects/elevator_ws/devel/.private/amrl_msgs/share/roseus/ros/amrl_msgs/msg/ColoredLine2D.l, /root/projects/elevator_ws/devel/share/roseus/ros/amrl_msgs/msg/ColoredLine2D.l)
Linked: (/root/projects/elevator_ws/devel/.private/amrl_msgs/share/roseus/ros/amrl_msgs/msg/ColoredArc2D.l, /root/projects/elevator_ws/devel/share/roseus/ros/amrl_msgs/msg/ColoredArc2D.l)
Linked: (/root/projects/elevator_ws/devel/.private/amrl_msgs/share/roseus/ros/amrl_msgs/msg/BBox2DMsg.l, /root/projects/elevator_ws/devel/share/roseus/ros/amrl_msgs/msg/BBox2DMsg.l)
Linked: (/root/projects/elevator_ws/devel/.private/amrl_msgs/share/roseus/ros/amrl_msgs/msg/Point2D.l, /root/projects/elevator_ws/devel/share/roseus/ros/amrl_msgs/msg/Point2D.l)
Linked: (/root/projects/elevator_ws/devel/.private/amrl_msgs/share/roseus/ros/amrl_msgs/msg/ColoredText.l, /root/projects/elevator_ws/devel/share/roseus/ros/amrl_msgs/msg/ColoredText.l)
Linked: (/root/projects/elevator_ws/devel/.private/amrl_msgs/share/roseus/ros/amrl_msgs/msg/Localization2DMsg.l, /root/projects/elevator_ws/devel/share/roseus/ros/amrl_msgs/msg/Localization2DMsg.l)
Linked: (/root/projects/elevator_ws/devel/.private/amrl_msgs/share/roseus/ros/amrl_msgs/msg/ElevatorStatus.l, /root/projects/elevator_ws/devel/share/roseus/ros/amrl_msgs/msg/ElevatorStatus.l)
Linked: (/root/projects/elevator_ws/devel/.private/amrl_msgs/share/roseus/ros/amrl_msgs/msg/PathVisualization.l, /root/projects/elevator_ws/devel/share/roseus/ros/amrl_msgs/msg/PathVisualization.l)
Linked: (/root/projects/elevator_ws/devel/.private/amrl_msgs/share/roseus/ros/amrl_msgs/msg/RobofleetSubscription.l, /root/projects/elevator_ws/devel/share/roseus/ros/amrl_msgs/msg/RobofleetSubscription.l)
Linked: (/root/projects/elevator_ws/devel/.private/amrl_msgs/share/roseus/ros/amrl_msgs/msg/VisualizationMsg.l, /root/projects/elevator_ws/devel/share/roseus/ros/amrl_msgs/msg/VisualizationMsg.l)
Linked: (/root/projects/elevator_ws/devel/.private/amrl_msgs/share/roseus/ros/amrl_msgs/msg/RobofleetStatus.l, /root/projects/elevator_ws/devel/share/roseus/ros/amrl_msgs/msg/RobofleetStatus.l)
Linked: (/root/projects/elevator_ws/devel/.private/amrl_msgs/share/roseus/ros/amrl_msgs/msg/BBox2DArrayMsg.l, /root/projects/elevator_ws/devel/share/roseus/ros/amrl_msgs/msg/BBox2DArrayMsg.l)
Linked: (/root/projects/elevator_ws/devel/.private/amrl_msgs/share/roseus/ros/amrl_msgs/msg/AckermannCurvatureDriveMsg.l, /root/projects/elevator_ws/devel/share/roseus/ros/amrl_msgs/msg/AckermannCurvatureDriveMsg.l)
Linked: (/root/projects/elevator_ws/devel/.private/amrl_msgs/share/roseus/ros/amrl_msgs/msg/ColoredPoint2D.l, /root/projects/elevator_ws/devel/share/roseus/ros/amrl_msgs/msg/ColoredPoint2D.l)
Linked: (/root/projects/elevator_ws/devel/.private/amrl_msgs/share/roseus/ros/amrl_msgs/msg/Pose2Df.l, /root/projects/elevator_ws/devel/share/roseus/ros/amrl_msgs/msg/Pose2Df.l)
Linked: (/root/projects/elevator_ws/devel/.private/amrl_msgs/share/roseus/ros/amrl_msgs/msg/ElevatorCommand.l, /root/projects/elevator_ws/devel/share/roseus/ros/amrl_msgs/msg/ElevatorCommand.l)
Linked: (/root/projects/elevator_ws/devel/.private/amrl_msgs/share/elevator_pkg/cmake/elevator_pkg-msg-paths.cmake, /root/projects/elevator_ws/devel/share/elevator_pkg/cmake/elevator_pkg-msg-paths.cmake)
Linked: (/root/projects/elevator_ws/devel/.private/amrl_msgs/share/amrl_msgs/cmake/amrl_msgsConfig.cmake, /root/projects/elevator_ws/devel/share/amrl_msgs/cmake/amrl_msgsConfig.cmake)
Linked: (/root/projects/elevator_ws/devel/.private/amrl_msgs/share/amrl_msgs/cmake/amrl_msgsConfig-version.cmake, /root/projects/elevator_ws/devel/share/amrl_msgs/cmake/amrl_msgsConfig-version.cmake)
Linked: (/root/projects/elevator_ws/devel/.private/amrl_msgs/share/amrl_msgs/cmake/amrl_msgs-msg-extras.cmake, /root/projects/elevator_ws/devel/share/amrl_msgs/cmake/amrl_msgs-msg-extras.cmake)
Linked: (/root/projects/elevator_ws/devel/.private/amrl_msgs/share/amrl_msgs/cmake/amrl_msgs-msg-paths.cmake, /root/projects/elevator_ws/devel/share/amrl_msgs/cmake/amrl_msgs-msg-paths.cmake)
