[01m[K/root/projects/elevator_ws/src/elevator_project/elevator_pkg/src/ElevatorCoordinator.cpp:[m[K In constructor '[01m[KElevatorCoordinator::ElevatorCoordinator(ros::NodeHandle&)[m[K':
[01m[K/root/projects/elevator_ws/src/elevator_project/elevator_pkg/src/ElevatorCoordinator.cpp:6:43:[m[K [01;31m[Kerror: [m[K'[01m[KElevatorCommand[m[K' is not a member of '[01m[Kamrl_msgs[m[K'
     _elevatorPub = n.advertise<amrl_msgs::[01;31m[KElevatorCommand[m[K>("/elevator/command", 1, true);
                                           [01;31m[K^~~~~~~~~~~~~~~[m[K
[01m[K/root/projects/elevator_ws/src/elevator_project/elevator_pkg/src/ElevatorCoordinator.cpp:6:43:[m[K [01;36m[Knote: [m[Ksuggested alternative: '[01m[KElevatorStatus[m[K'
     _elevatorPub = n.advertise<amrl_msgs::[01;36m[KElevatorCommand[m[K>("/elevator/command", 1, true);
                                           [01;36m[K^~~~~~~~~~~~~~~[m[K
                                           [32m[KElevatorStatus[m[K
[01m[K/root/projects/elevator_ws/src/elevator_project/elevator_pkg/src/ElevatorCoordinator.cpp:6:43:[m[K [01;31m[Kerror: [m[K'[01m[KElevatorCommand[m[K' is not a member of '[01m[Kamrl_msgs[m[K'
[01m[K/root/projects/elevator_ws/src/elevator_project/elevator_pkg/src/ElevatorCoordinator.cpp:6:43:[m[K [01;36m[Knote: [m[Ksuggested alternative: '[01m[KElevatorStatus[m[K'
     _elevatorPub = n.advertise<amrl_msgs::[01;36m[KElevatorCommand[m[K>("/elevator/command", 1, true);
                                           [01;36m[K^~~~~~~~~~~~~~~[m[K
                                           [32m[KElevatorStatus[m[K
[01m[K/root/projects/elevator_ws/src/elevator_project/elevator_pkg/src/ElevatorCoordinator.cpp:6:88:[m[K [01;31m[Kerror: [m[Kno matching function for call to '[01m[Kros::NodeHandle::advertise<<expression error> >(const char [18], int, bool)[m[K'
     _elevatorPub = n.advertise<amrl_msgs::ElevatorCommand>("/elevator/command", 1, true[01;31m[K)[m[K;
                                                                                        [01;31m[K^[m[K
In file included from [01m[K/opt/ros/melodic/include/ros/ros.h:45:0[m[K,
                 from [01m[K/root/projects/elevator_ws/src/elevator_project/elevator_pkg/include/elevator_pkg/ElevatorCoordinator.h:6[m[K,
                 from [01m[K/root/projects/elevator_ws/src/elevator_project/elevator_pkg/src/ElevatorCoordinator.cpp:1[m[K:
[01m[K/opt/ros/melodic/include/ros/node_handle.h:249:15:[m[K [01;36m[Knote: [m[Kcandidate: template<class M> ros::Publisher ros::NodeHandle::advertise(const string&, uint32_t, bool)
     Publisher [01;36m[Kadvertise[m[K(const std::string& topic, uint32_t queue_size, bool latch = false)
               [01;36m[K^~~~~~~~~[m[K
[01m[K/opt/ros/melodic/include/ros/node_handle.h:249:15:[m[K [01;36m[Knote: [m[K  template argument deduction/substitution failed:
[01m[K/root/projects/elevator_ws/src/elevator_project/elevator_pkg/src/ElevatorCoordinator.cpp:6:88:[m[K [01;31m[Kerror: [m[Ktemplate argument 1 is invalid
     _elevatorPub = n.advertise<amrl_msgs::ElevatorCommand>("/elevator/command", 1, true[01;31m[K)[m[K;
                                                                                        [01;31m[K^[m[K
In file included from [01m[K/opt/ros/melodic/include/ros/ros.h:45:0[m[K,
                 from [01m[K/root/projects/elevator_ws/src/elevator_project/elevator_pkg/include/elevator_pkg/ElevatorCoordinator.h:6[m[K,
                 from [01m[K/root/projects/elevator_ws/src/elevator_project/elevator_pkg/src/ElevatorCoordinator.cpp:1[m[K:
[01m[K/opt/ros/melodic/include/ros/node_handle.h:315:13:[m[K [01;36m[Knote: [m[Kcandidate: template<class M> ros::Publisher ros::NodeHandle::advertise(const string&, uint32_t, const SubscriberStatusCallback&, const SubscriberStatusCallback&, const VoidConstPtr&, bool)
   Publisher [01;36m[Kadvertise[m[K(const std::string& topic, uint32_t queue_size,
             [01;36m[K^~~~~~~~~[m[K
[01m[K/opt/ros/melodic/include/ros/node_handle.h:315:13:[m[K [01;36m[Knote: [m[K  template argument deduction/substitution failed:
[01m[K/root/projects/elevator_ws/src/elevator_project/elevator_pkg/src/ElevatorCoordinator.cpp:6:88:[m[K [01;31m[Kerror: [m[Ktemplate argument 1 is invalid
     _elevatorPub = n.advertise<amrl_msgs::ElevatorCommand>("/elevator/command", 1, true[01;31m[K)[m[K;
                                                                                        [01;31m[K^[m[K
make[2]: *** [CMakeFiles/elevator_coordinator.dir/src/ElevatorCoordinator.cpp.o] Error 1
make[1]: *** [CMakeFiles/elevator_coordinator.dir/all] Error 2
make: *** [all] Error 2
