CMakeFiles/elevator_coordinator.dir/src/elevator_coordinator.cpp.o: In function `main':
elevator_coordinator.cpp:(.text+0x72): undefined reference to `ros::init(int&, char**, std::__cxx11::basic_string<char, std::char_traits<char>, std::allocator<char> > const&, unsigned int)'
elevator_coordinator.cpp:(.text+0x104): undefined reference to `ros::NodeHandle::NodeHandle(std::__cxx11::basic_string<char, std::char_traits<char>, std::allocator<char> > const&, std::map<std::__cxx11::basic_string<char, std::char_traits<char>, std::allocator<char> >, std::__cxx11::basic_string<char, std::char_traits<char>, std::allocator<char> >, std::less<std::__cxx11::basic_string<char, std::char_traits<char>, std::allocator<char> > >, std::allocator<std::pair<std::__cxx11::basic_string<char, std::char_traits<char>, std::allocator<char> > const, std::__cxx11::basic_string<char, std::char_traits<char>, std::allocator<char> > > > > const&)'
elevator_coordinator.cpp:(.text+0x1b9): undefined reference to `ros::Rate::Rate(double)'
elevator_coordinator.cpp:(.text+0x1c8): undefined reference to `ros::ok()'
elevator_coordinator.cpp:(.text+0x276): undefined reference to `ros::console::g_initialized'
elevator_coordinator.cpp:(.text+0x286): undefined reference to `ros::console::initialize()'
elevator_coordinator.cpp:(.text+0x2df): undefined reference to `ros::console::initializeLogLocation(ros::console::LogLocation*, std::__cxx11::basic_string<char, std::char_traits<char>, std::allocator<char> > const&, ros::console::levels::Level)'
elevator_coordinator.cpp:(.text+0x322): undefined reference to `ros::console::setLogLocationLevel(ros::console::LogLocation*, ros::console::levels::Level)'
elevator_coordinator.cpp:(.text+0x32e): undefined reference to `ros::console::checkLogLocationEnabled(ros::console::LogLocation*)'
elevator_coordinator.cpp:(.text+0x398): undefined reference to `ros::console::print(ros::console::FilterBase*, void*, ros::console::levels::Level, char const*, int, char const*, char const*, ...)'
elevator_coordinator.cpp:(.text+0x3ba): undefined reference to `ros::spinOnce()'
elevator_coordinator.cpp:(.text+0x3c9): undefined reference to `ros::Rate::sleep()'
elevator_coordinator.cpp:(.text+0x416): undefined reference to `ros::Publisher::~Publisher()'
elevator_coordinator.cpp:(.text+0x425): undefined reference to `ros::NodeHandle::~NodeHandle()'
elevator_coordinator.cpp:(.text+0x53a): undefined reference to `ros::Publisher::~Publisher()'
elevator_coordinator.cpp:(.text+0x549): undefined reference to `ros::NodeHandle::~NodeHandle()'
CMakeFiles/elevator_coordinator.dir/src/elevator_coordinator.cpp.o: In function `ros::Publisher ros::NodeHandle::advertise<std_msgs::String_<std::allocator<void> > >(std::__cxx11::basic_string<char, std::char_traits<char>, std::allocator<char> > const&, unsigned int, bool)':
elevator_coordinator.cpp:(.text._ZN3ros10NodeHandle9advertiseIN8std_msgs7String_ISaIvEEEEENS_9PublisherERKNSt7__cxx1112basic_stringIcSt11char_traitsIcESaIcEEEjb[_ZN3ros10NodeHandle9advertiseIN8std_msgs7String_ISaIvEEEEENS_9PublisherERKNSt7__cxx1112basic_stringIcSt11char_traitsIcESaIcEEEjb]+0xdd): undefined reference to `ros::NodeHandle::advertise(ros::AdvertiseOptions&)'
CMakeFiles/elevator_coordinator.dir/src/elevator_coordinator.cpp.o: In function `void ros::Publisher::publish<std_msgs::String_<std::allocator<void> > >(std_msgs::String_<std::allocator<void> > const&) const':
elevator_coordinator.cpp:(.text._ZNK3ros9Publisher7publishIN8std_msgs7String_ISaIvEEEEEvRKT_[_ZNK3ros9Publisher7publishIN8std_msgs7String_ISaIvEEEEEvRKT_]+0x47): undefined reference to `ros::console::g_initialized'
elevator_coordinator.cpp:(.text._ZNK3ros9Publisher7publishIN8std_msgs7String_ISaIvEEEEEvRKT_[_ZNK3ros9Publisher7publishIN8std_msgs7String_ISaIvEEEEEvRKT_]+0x57): undefined reference to `ros::console::initialize()'
elevator_coordinator.cpp:(.text._ZNK3ros9Publisher7publishIN8std_msgs7String_ISaIvEEEEEvRKT_[_ZNK3ros9Publisher7publishIN8std_msgs7String_ISaIvEEEEEvRKT_]+0xaa): undefined reference to `ros::console::initializeLogLocation(ros::console::LogLocation*, std::__cxx11::basic_string<char, std::char_traits<char>, std::allocator<char> > const&, ros::console::levels::Level)'
elevator_coordinator.cpp:(.text._ZNK3ros9Publisher7publishIN8std_msgs7String_ISaIvEEEEEvRKT_[_ZNK3ros9Publisher7publishIN8std_msgs7String_ISaIvEEEEEvRKT_]+0xea): undefined reference to `ros::console::setLogLocationLevel(ros::console::LogLocation*, ros::console::levels::Level)'
elevator_coordinator.cpp:(.text._ZNK3ros9Publisher7publishIN8std_msgs7String_ISaIvEEEEEvRKT_[_ZNK3ros9Publisher7publishIN8std_msgs7String_ISaIvEEEEEvRKT_]+0xf6): undefined reference to `ros::console::checkLogLocationEnabled(ros::console::LogLocation*)'
elevator_coordinator.cpp:(.text._ZNK3ros9Publisher7publishIN8std_msgs7String_ISaIvEEEEEvRKT_[_ZNK3ros9Publisher7publishIN8std_msgs7String_ISaIvEEEEEvRKT_]+0x15f): undefined reference to `ros::console::print(ros::console::FilterBase*, void*, ros::console::levels::Level, char const*, int, char const*, char const*, ...)'
elevator_coordinator.cpp:(.text._ZNK3ros9Publisher7publishIN8std_msgs7String_ISaIvEEEEEvRKT_[_ZNK3ros9Publisher7publishIN8std_msgs7String_ISaIvEEEEEvRKT_]+0x16a): undefined reference to `ros::console::g_initialized'
elevator_coordinator.cpp:(.text._ZNK3ros9Publisher7publishIN8std_msgs7String_ISaIvEEEEEvRKT_[_ZNK3ros9Publisher7publishIN8std_msgs7String_ISaIvEEEEEvRKT_]+0x17a): undefined reference to `ros::console::initialize()'
elevator_coordinator.cpp:(.text._ZNK3ros9Publisher7publishIN8std_msgs7String_ISaIvEEEEEvRKT_[_ZNK3ros9Publisher7publishIN8std_msgs7String_ISaIvEEEEEvRKT_]+0x1cd): undefined reference to `ros::console::initializeLogLocation(ros::console::LogLocation*, std::__cxx11::basic_string<char, std::char_traits<char>, std::allocator<char> > const&, ros::console::levels::Level)'
elevator_coordinator.cpp:(.text._ZNK3ros9Publisher7publishIN8std_msgs7String_ISaIvEEEEEvRKT_[_ZNK3ros9Publisher7publishIN8std_msgs7String_ISaIvEEEEEvRKT_]+0x20d): undefined reference to `ros::console::setLogLocationLevel(ros::console::LogLocation*, ros::console::levels::Level)'
elevator_coordinator.cpp:(.text._ZNK3ros9Publisher7publishIN8std_msgs7String_ISaIvEEEEEvRKT_[_ZNK3ros9Publisher7publishIN8std_msgs7String_ISaIvEEEEEvRKT_]+0x219): undefined reference to `ros::console::checkLogLocationEnabled(ros::console::LogLocation*)'
elevator_coordinator.cpp:(.text._ZNK3ros9Publisher7publishIN8std_msgs7String_ISaIvEEEEEvRKT_[_ZNK3ros9Publisher7publishIN8std_msgs7String_ISaIvEEEEEvRKT_]+0x274): undefined reference to `ros::console::print(ros::console::FilterBase*, void*, ros::console::levels::Level, char const*, int, char const*, char const*, ...)'
elevator_coordinator.cpp:(.text._ZNK3ros9Publisher7publishIN8std_msgs7String_ISaIvEEEEEvRKT_[_ZNK3ros9Publisher7publishIN8std_msgs7String_ISaIvEEEEEvRKT_]+0x27f): undefined reference to `ros::console::g_initialized'
elevator_coordinator.cpp:(.text._ZNK3ros9Publisher7publishIN8std_msgs7String_ISaIvEEEEEvRKT_[_ZNK3ros9Publisher7publishIN8std_msgs7String_ISaIvEEEEEvRKT_]+0x28f): undefined reference to `ros::console::initialize()'
elevator_coordinator.cpp:(.text._ZNK3ros9Publisher7publishIN8std_msgs7String_ISaIvEEEEEvRKT_[_ZNK3ros9Publisher7publishIN8std_msgs7String_ISaIvEEEEEvRKT_]+0x2e2): undefined reference to `ros::console::initializeLogLocation(ros::console::LogLocation*, std::__cxx11::basic_string<char, std::char_traits<char>, std::allocator<char> > const&, ros::console::levels::Level)'
elevator_coordinator.cpp:(.text._ZNK3ros9Publisher7publishIN8std_msgs7String_ISaIvEEEEEvRKT_[_ZNK3ros9Publisher7publishIN8std_msgs7String_ISaIvEEEEEvRKT_]+0x322): undefined reference to `ros::console::setLogLocationLevel(ros::console::LogLocation*, ros::console::levels::Level)'
elevator_coordinator.cpp:(.text._ZNK3ros9Publisher7publishIN8std_msgs7String_ISaIvEEEEEvRKT_[_ZNK3ros9Publisher7publishIN8std_msgs7String_ISaIvEEEEEvRKT_]+0x32e): undefined reference to `ros::console::checkLogLocationEnabled(ros::console::LogLocation*)'
elevator_coordinator.cpp:(.text._ZNK3ros9Publisher7publishIN8std_msgs7String_ISaIvEEEEEvRKT_[_ZNK3ros9Publisher7publishIN8std_msgs7String_ISaIvEEEEEvRKT_]+0x389): undefined reference to `ros::console::print(ros::console::FilterBase*, void*, ros::console::levels::Level, char const*, int, char const*, char const*, ...)'
elevator_coordinator.cpp:(.text._ZNK3ros9Publisher7publishIN8std_msgs7String_ISaIvEEEEEvRKT_[_ZNK3ros9Publisher7publishIN8std_msgs7String_ISaIvEEEEEvRKT_]+0x3aa): undefined reference to `ros::Publisher::Impl::isValid() const'
elevator_coordinator.cpp:(.text._ZNK3ros9Publisher7publishIN8std_msgs7String_ISaIvEEEEEvRKT_[_ZNK3ros9Publisher7publishIN8std_msgs7String_ISaIvEEEEEvRKT_]+0x3bc): undefined reference to `ros::console::g_initialized'
elevator_coordinator.cpp:(.text._ZNK3ros9Publisher7publishIN8std_msgs7String_ISaIvEEEEEvRKT_[_ZNK3ros9Publisher7publishIN8std_msgs7String_ISaIvEEEEEvRKT_]+0x3cc): undefined reference to `ros::console::initialize()'
elevator_coordinator.cpp:(.text._ZNK3ros9Publisher7publishIN8std_msgs7String_ISaIvEEEEEvRKT_[_ZNK3ros9Publisher7publishIN8std_msgs7String_ISaIvEEEEEvRKT_]+0x41f): undefined reference to `ros::console::initializeLogLocation(ros::console::LogLocation*, std::__cxx11::basic_string<char, std::char_traits<char>, std::allocator<char> > const&, ros::console::levels::Level)'
elevator_coordinator.cpp:(.text._ZNK3ros9Publisher7publishIN8std_msgs7String_ISaIvEEEEEvRKT_[_ZNK3ros9Publisher7publishIN8std_msgs7String_ISaIvEEEEEvRKT_]+0x45f): undefined reference to `ros::console::setLogLocationLevel(ros::console::LogLocation*, ros::console::levels::Level)'
elevator_coordinator.cpp:(.text._ZNK3ros9Publisher7publishIN8std_msgs7String_ISaIvEEEEEvRKT_[_ZNK3ros9Publisher7publishIN8std_msgs7String_ISaIvEEEEEvRKT_]+0x46b): undefined reference to `ros::console::checkLogLocationEnabled(ros::console::LogLocation*)'
elevator_coordinator.cpp:(.text._ZNK3ros9Publisher7publishIN8std_msgs7String_ISaIvEEEEEvRKT_[_ZNK3ros9Publisher7publishIN8std_msgs7String_ISaIvEEEEEvRKT_]+0x4d4): undefined reference to `ros::console::print(ros::console::FilterBase*, void*, ros::console::levels::Level, char const*, int, char const*, char const*, ...)'
elevator_coordinator.cpp:(.text._ZNK3ros9Publisher7publishIN8std_msgs7String_ISaIvEEEEEvRKT_[_ZNK3ros9Publisher7publishIN8std_msgs7String_ISaIvEEEEEvRKT_]+0x4df): undefined reference to `ros::console::g_initialized'
elevator_coordinator.cpp:(.text._ZNK3ros9Publisher7publishIN8std_msgs7String_ISaIvEEEEEvRKT_[_ZNK3ros9Publisher7publishIN8std_msgs7String_ISaIvEEEEEvRKT_]+0x4ef): undefined reference to `ros::console::initialize()'
elevator_coordinator.cpp:(.text._ZNK3ros9Publisher7publishIN8std_msgs7String_ISaIvEEEEEvRKT_[_ZNK3ros9Publisher7publishIN8std_msgs7String_ISaIvEEEEEvRKT_]+0x542): undefined reference to `ros::console::initializeLogLocation(ros::console::LogLocation*, std::__cxx11::basic_string<char, std::char_traits<char>, std::allocator<char> > const&, ros::console::levels::Level)'
elevator_coordinator.cpp:(.text._ZNK3ros9Publisher7publishIN8std_msgs7String_ISaIvEEEEEvRKT_[_ZNK3ros9Publisher7publishIN8std_msgs7String_ISaIvEEEEEvRKT_]+0x582): undefined reference to `ros::console::setLogLocationLevel(ros::console::LogLocation*, ros::console::levels::Level)'
elevator_coordinator.cpp:(.text._ZNK3ros9Publisher7publishIN8std_msgs7String_ISaIvEEEEEvRKT_[_ZNK3ros9Publisher7publishIN8std_msgs7String_ISaIvEEEEEvRKT_]+0x58e): undefined reference to `ros::console::checkLogLocationEnabled(ros::console::LogLocation*)'
elevator_coordinator.cpp:(.text._ZNK3ros9Publisher7publishIN8std_msgs7String_ISaIvEEEEEvRKT_[_ZNK3ros9Publisher7publishIN8std_msgs7String_ISaIvEEEEEvRKT_]+0x600): undefined reference to `ros::console::print(ros::console::FilterBase*, void*, ros::console::levels::Level, char const*, int, char const*, char const*, ...)'
elevator_coordinator.cpp:(.text._ZNK3ros9Publisher7publishIN8std_msgs7String_ISaIvEEEEEvRKT_[_ZNK3ros9Publisher7publishIN8std_msgs7String_ISaIvEEEEEvRKT_]+0x60b): undefined reference to `ros::console::g_initialized'
elevator_coordinator.cpp:(.text._ZNK3ros9Publisher7publishIN8std_msgs7String_ISaIvEEEEEvRKT_[_ZNK3ros9Publisher7publishIN8std_msgs7String_ISaIvEEEEEvRKT_]+0x61b): undefined reference to `ros::console::initialize()'
elevator_coordinator.cpp:(.text._ZNK3ros9Publisher7publishIN8std_msgs7String_ISaIvEEEEEvRKT_[_ZNK3ros9Publisher7publishIN8std_msgs7String_ISaIvEEEEEvRKT_]+0x66e): undefined reference to `ros::console::initializeLogLocation(ros::console::LogLocation*, std::__cxx11::basic_string<char, std::char_traits<char>, std::allocator<char> > const&, ros::console::levels::Level)'
elevator_coordinator.cpp:(.text._ZNK3ros9Publisher7publishIN8std_msgs7String_ISaIvEEEEEvRKT_[_ZNK3ros9Publisher7publishIN8std_msgs7String_ISaIvEEEEEvRKT_]+0x6ae): undefined reference to `ros::console::setLogLocationLevel(ros::console::LogLocation*, ros::console::levels::Level)'
elevator_coordinator.cpp:(.text._ZNK3ros9Publisher7publishIN8std_msgs7String_ISaIvEEEEEvRKT_[_ZNK3ros9Publisher7publishIN8std_msgs7String_ISaIvEEEEEvRKT_]+0x6ba): undefined reference to `ros::console::checkLogLocationEnabled(ros::console::LogLocation*)'
elevator_coordinator.cpp:(.text._ZNK3ros9Publisher7publishIN8std_msgs7String_ISaIvEEEEEvRKT_[_ZNK3ros9Publisher7publishIN8std_msgs7String_ISaIvEEEEEvRKT_]+0x715): undefined reference to `ros::console::print(ros::console::FilterBase*, void*, ros::console::levels::Level, char const*, int, char const*, char const*, ...)'
elevator_coordinator.cpp:(.text._ZNK3ros9Publisher7publishIN8std_msgs7String_ISaIvEEEEEvRKT_[_ZNK3ros9Publisher7publishIN8std_msgs7String_ISaIvEEEEEvRKT_]+0x823): undefined reference to `ros::console::g_initialized'
elevator_coordinator.cpp:(.text._ZNK3ros9Publisher7publishIN8std_msgs7String_ISaIvEEEEEvRKT_[_ZNK3ros9Publisher7publishIN8std_msgs7String_ISaIvEEEEEvRKT_]+0x833): undefined reference to `ros::console::initialize()'
elevator_coordinator.cpp:(.text._ZNK3ros9Publisher7publishIN8std_msgs7String_ISaIvEEEEEvRKT_[_ZNK3ros9Publisher7publishIN8std_msgs7String_ISaIvEEEEEvRKT_]+0x886): undefined reference to `ros::console::initializeLogLocation(ros::console::LogLocation*, std::__cxx11::basic_string<char, std::char_traits<char>, std::allocator<char> > const&, ros::console::levels::Level)'
elevator_coordinator.cpp:(.text._ZNK3ros9Publisher7publishIN8std_msgs7String_ISaIvEEEEEvRKT_[_ZNK3ros9Publisher7publishIN8std_msgs7String_ISaIvEEEEEvRKT_]+0x8c5): undefined reference to `ros::console::setLogLocationLevel(ros::console::LogLocation*, ros::console::levels::Level)'
elevator_coordinator.cpp:(.text._ZNK3ros9Publisher7publishIN8std_msgs7String_ISaIvEEEEEvRKT_[_ZNK3ros9Publisher7publishIN8std_msgs7String_ISaIvEEEEEvRKT_]+0x8d1): undefined reference to `ros::console::checkLogLocationEnabled(ros::console::LogLocation*)'
elevator_coordinator.cpp:(.text._ZNK3ros9Publisher7publishIN8std_msgs7String_ISaIvEEEEEvRKT_[_ZNK3ros9Publisher7publishIN8std_msgs7String_ISaIvEEEEEvRKT_]+0x9b3): undefined reference to `ros::console::print(ros::console::FilterBase*, void*, ros::console::levels::Level, char const*, int, char const*, char const*, ...)'
elevator_coordinator.cpp:(.text._ZNK3ros9Publisher7publishIN8std_msgs7String_ISaIvEEEEEvRKT_[_ZNK3ros9Publisher7publishIN8std_msgs7String_ISaIvEEEEEvRKT_]+0xa45): undefined reference to `ros::Publisher::publish(boost::function<ros::SerializedMessage ()> const&, ros::SerializedMessage&) const'
CMakeFiles/elevator_coordinator.dir/src/elevator_coordinator.cpp.o: In function `void ros::serialization::Serializer<unsigned int>::write<ros::serialization::OStream>(ros::serialization::OStream&, unsigned int)':
elevator_coordinator.cpp:(.text._ZN3ros13serialization10SerializerIjE5writeINS0_7OStreamEEEvRT_j[_ZN3ros13serialization10SerializerIjE5writeINS0_7OStreamEEEvRT_j]+0x52): undefined reference to `ros::serialization::throwStreamOverrun()'
CMakeFiles/elevator_coordinator.dir/src/elevator_coordinator.cpp.o: In function `void ros::serialization::Serializer<std::__cxx11::basic_string<char, std::char_traits<char>, std::allocator<char> > >::write<ros::serialization::OStream>(ros::serialization::OStream&, std::__cxx11::basic_string<char, std::char_traits<char>, std::allocator<char> > const&)':
elevator_coordinator.cpp:(.text._ZN3ros13serialization10SerializerINSt7__cxx1112basic_stringIcSt11char_traitsIcESaIcEEEE5writeINS0_7OStreamEEEvRT_RKS7_[_ZN3ros13serialization10SerializerINSt7__cxx1112basic_stringIcSt11char_traitsIcESaIcEEEE5writeINS0_7OStreamEEEvRT_RKS7_]+0xab): undefined reference to `ros::serialization::throwStreamOverrun()'
collect2: error: ld returned 1 exit status
make[2]: *** [/root/projects/elevator_ws/devel/.private/elevator_pkg/lib/elevator_pkg/elevator_coordinator] Error 1
make[1]: *** [CMakeFiles/elevator_coordinator.dir/all] Error 2
make: *** [all] Error 2
