Determining if the pthread_create exist failed with the following output:
Change Dir: /root/projects/elevator_ws/build/amrl_msgs/CMakeFiles/CMakeTmp

Run Build Command:"/usr/bin/make" "cmTC_27358/fast"
/usr/bin/make -f CMakeFiles/cmTC_27358.dir/build.make CMakeFiles/cmTC_27358.dir/build
make[1]: Entering directory '/root/projects/elevator_ws/build/amrl_msgs/CMakeFiles/CMakeTmp'
Building C object CMakeFiles/cmTC_27358.dir/CheckSymbolExists.c.o
/usr/bin/cc    -o CMakeFiles/cmTC_27358.dir/CheckSymbolExists.c.o   -c /root/projects/elevator_ws/build/amrl_msgs/CMakeFiles/CMakeTmp/CheckSymbolExists.c
Linking C executable cmTC_27358
/usr/bin/cmake -E cmake_link_script CMakeFiles/cmTC_27358.dir/link.txt --verbose=1
/usr/bin/cc      -rdynamic CMakeFiles/cmTC_27358.dir/CheckSymbolExists.c.o  -o cmTC_27358 
CMakeFiles/cmTC_27358.dir/CheckSymbolExists.c.o: In function `main':
CheckSymbolExists.c:(.text+0x1b): undefined reference to `pthread_create'
collect2: error: ld returned 1 exit status
CMakeFiles/cmTC_27358.dir/build.make:97: recipe for target 'cmTC_27358' failed
make[1]: *** [cmTC_27358] Error 1
make[1]: Leaving directory '/root/projects/elevator_ws/build/amrl_msgs/CMakeFiles/CMakeTmp'
Makefile:126: recipe for target 'cmTC_27358/fast' failed
make: *** [cmTC_27358/fast] Error 2

File /root/projects/elevator_ws/build/amrl_msgs/CMakeFiles/CMakeTmp/CheckSymbolExists.c:
/* */
#include <pthread.h>

int main(int argc, char** argv)
{
  (void)argv;
#ifndef pthread_create
  return ((int*)(&pthread_create))[argc];
#else
  (void)argc;
  return 0;
#endif
}

Determining if the function pthread_create exists in the pthreads failed with the following output:
Change Dir: /root/projects/elevator_ws/build/amrl_msgs/CMakeFiles/CMakeTmp

Run Build Command:"/usr/bin/make" "cmTC_0f56f/fast"
/usr/bin/make -f CMakeFiles/cmTC_0f56f.dir/build.make CMakeFiles/cmTC_0f56f.dir/build
make[1]: Entering directory '/root/projects/elevator_ws/build/amrl_msgs/CMakeFiles/CMakeTmp'
Building C object CMakeFiles/cmTC_0f56f.dir/CheckFunctionExists.c.o
/usr/bin/cc   -DCHECK_FUNCTION_EXISTS=pthread_create   -o CMakeFiles/cmTC_0f56f.dir/CheckFunctionExists.c.o   -c /usr/share/cmake-3.10/Modules/CheckFunctionExists.c
Linking C executable cmTC_0f56f
/usr/bin/cmake -E cmake_link_script CMakeFiles/cmTC_0f56f.dir/link.txt --verbose=1
/usr/bin/cc  -DCHECK_FUNCTION_EXISTS=pthread_create    -rdynamic CMakeFiles/cmTC_0f56f.dir/CheckFunctionExists.c.o  -o cmTC_0f56f -lpthreads 
/usr/bin/ld: cannot find -lpthreads
collect2: error: ld returned 1 exit status
CMakeFiles/cmTC_0f56f.dir/build.make:97: recipe for target 'cmTC_0f56f' failed
make[1]: *** [cmTC_0f56f] Error 1
make[1]: Leaving directory '/root/projects/elevator_ws/build/amrl_msgs/CMakeFiles/CMakeTmp'
Makefile:126: recipe for target 'cmTC_0f56f/fast' failed
make: *** [cmTC_0f56f/fast] Error 2


